<?xml version="1.0" encoding="UTF-8"?>
<!-- Generated by org.testng.reporters.JUnitReportReporter -->
<testsuite skipped="0" hostname="Mushroom-Clouds-MacBook-Pro.local" name="prosnappictests.enterprisewventtests" tests="18" failures="0" timestamp="18 Jul 2019 07:15:39 GMT" time="385.048" errors="1">
  <testcase name="enterpriseevent" time="18.337" classname="prosnappictests.enterprisewventtests"/>
  <testcase name="create" time="24.139" classname="prosnappictests.enterprisewventtests"/>
  <testcase name="eventdetails" time="21.942" classname="prosnappictests.enterprisewventtests"/>
  <testcase name="option" time="20.084" classname="prosnappictests.enterprisewventtests">
    <error type="org.openqa.selenium.TimeoutException" message="Expected condition failed: waiting for visibility of Proxy element for: DefaultElementLocator &#039;By.xpath: //*[@id=&#039;event_options&#039;]/div/div[1]/div/div/div[1]/div/label/span[1]&#039; (tried for 20 second(s) with 500 milliseconds interval)">
      <![CDATA[org.openqa.selenium.TimeoutException: Expected condition failed: waiting for visibility of Proxy element for: DefaultElementLocator 'By.xpath: //*[@id='event_options']/div/div[1]/div/div/div[1]/div/label/span[1]' (tried for 20 second(s) with 500 milliseconds interval)
	at org.openqa.selenium.support.ui.WebDriverWait.timeoutException(WebDriverWait.java:113)
	at org.openqa.selenium.support.ui.FluentWait.until(FluentWait.java:283)
	at Snappicenterprisepages.CommonLib.waitForElementToPresent(CommonLib.java:415)
	at Snappicenterprisepages.eventoptions.event(eventoptions.java:122)
	at prosnappictests.enterprisewventtests.option(enterprisewventtests.java:66)
	at sun.reflect.NativeMethodAccessorImpl.invoke0(Native Method)
	at sun.reflect.NativeMethodAccessorImpl.invoke(NativeMethodAccessorImpl.java:62)
	at sun.reflect.DelegatingMethodAccessorImpl.invoke(DelegatingMethodAccessorImpl.java:43)
	at java.lang.reflect.Method.invoke(Method.java:498)
	at org.testng.internal.MethodInvocationHelper.invokeMethod(MethodInvocationHelper.java:108)
	at org.testng.internal.Invoker.invokeMethod(Invoker.java:661)
	at org.testng.internal.Invoker.invokeTestMethod(Invoker.java:869)
	at org.testng.internal.Invoker.invokeTestMethods(Invoker.java:1193)
	at org.testng.internal.TestMethodWorker.invokeTestMethods(TestMethodWorker.java:126)
	at org.testng.internal.TestMethodWorker.run(TestMethodWorker.java:109)
	at org.testng.TestRunner.privateRun(TestRunner.java:744)
	at org.testng.TestRunner.run(TestRunner.java:602)
	at org.testng.SuiteRunner.runTest(SuiteRunner.java:380)
	at org.testng.SuiteRunner.runSequentially(SuiteRunner.java:375)
	at org.testng.SuiteRunner.privateRun(SuiteRunner.java:340)
	at org.testng.SuiteRunner.run(SuiteRunner.java:289)
	at org.testng.SuiteRunnerWorker.runSuite(SuiteRunnerWorker.java:52)
	at org.testng.SuiteRunnerWorker.run(SuiteRunnerWorker.java:86)
	at org.testng.TestNG.runSuitesSequentially(TestNG.java:1301)
	at org.testng.TestNG.runSuitesLocally(TestNG.java:1226)
	at org.testng.TestNG.runSuites(TestNG.java:1144)
	at org.testng.TestNG.run(TestNG.java:1115)
	at org.testng.remote.AbstractRemoteTestNG.run(AbstractRemoteTestNG.java:114)
	at org.testng.remote.RemoteTestNG.initAndRun(RemoteTestNG.java:251)
	at org.testng.remote.RemoteTestNG.main(RemoteTestNG.java:77)
Caused by: org.openqa.selenium.NoSuchElementException: no such element: Unable to locate element: {"method":"xpath","selector":"//*[@id='event_options']/div/div[1]/div/div/div[1]/div/label/span[1]"}
  (Session info: chrome=75.0.3770.142)
For documentation on this error, please visit: http://seleniumhq.org/exceptions/no_such_element.html
Build info: version: '3.14.0', revision: 'aacccce0', time: '2018-08-02T20:19:58.91Z'
System info: host: 'Mushroom-Clouds-MacBook-Pro.local', ip: '169.254.173.26', os.name: 'Mac OS X', os.arch: 'x86_64', os.version: '10.13.6', java.version: '1.8.0_211'
Driver info: org.openqa.selenium.chrome.ChromeDriver
Capabilities {acceptInsecureCerts: false, browserName: chrome, browserVersion: 75.0.3770.142, chrome: {chromedriverVersion: 75.0.3770.90 (a6dcaf7e3ec6f..., userDataDir: /var/folders/rp/cdtmrtmd4qq...}, goog:chromeOptions: {debuggerAddress: localhost:52748}, javascriptEnabled: true, networkConnectionEnabled: false, pageLoadStrategy: normal, platform: MAC, platformName: MAC, proxy: Proxy(), setWindowRect: true, strictFileInteractability: false, timeouts: {implicit: 0, pageLoad: 300000, script: 30000}, unhandledPromptBehavior: dismiss and notify}
Session ID: 13e18b9684f527388f185a2b4de6f3a1
*** Element info: {Using=xpath, value=//*[@id='event_options']/div/div[1]/div/div/div[1]/div/label/span[1]}
	at sun.reflect.GeneratedConstructorAccessor19.newInstance(Unknown Source)
	at sun.reflect.DelegatingConstructorAccessorImpl.newInstance(DelegatingConstructorAccessorImpl.java:45)
	at java.lang.reflect.Constructor.newInstance(Constructor.java:423)
	at org.openqa.selenium.remote.http.W3CHttpResponseCodec.createException(W3CHttpResponseCodec.java:187)
	at org.openqa.selenium.remote.http.W3CHttpResponseCodec.decode(W3CHttpResponseCodec.java:122)
	at org.openqa.selenium.remote.http.W3CHttpResponseCodec.decode(W3CHttpResponseCodec.java:49)
	at org.openqa.selenium.remote.HttpCommandExecutor.execute(HttpCommandExecutor.java:158)
	at org.openqa.selenium.remote.service.DriverCommandExecutor.execute(DriverCommandExecutor.java:83)
	at org.openqa.selenium.remote.RemoteWebDriver.execute(RemoteWebDriver.java:548)
	at org.openqa.selenium.remote.RemoteWebDriver.findElement(RemoteWebDriver.java:322)
	at org.openqa.selenium.remote.RemoteWebDriver.findElementByXPath(RemoteWebDriver.java:424)
	at org.openqa.selenium.By$ByXPath.findElement(By.java:353)
	at org.openqa.selenium.remote.RemoteWebDriver.findElement(RemoteWebDriver.java:314)
	at org.openqa.selenium.support.pagefactory.DefaultElementLocator.findElement(DefaultElementLocator.java:69)
	at org.openqa.selenium.support.pagefactory.internal.LocatingElementHandler.invoke(LocatingElementHandler.java:38)
	at com.sun.proxy.$Proxy10.isDisplayed(Unknown Source)
	at org.openqa.selenium.support.ui.ExpectedConditions.elementIfVisible(ExpectedConditions.java:315)
	at org.openqa.selenium.support.ui.ExpectedConditions.access$100(ExpectedConditions.java:44)
	at org.openqa.selenium.support.ui.ExpectedConditions$10.apply(ExpectedConditions.java:301)
	at org.openqa.selenium.support.ui.ExpectedConditions$10.apply(ExpectedConditions.java:298)
	at org.openqa.selenium.support.ui.FluentWait.until(FluentWait.java:260)
	... 28 more
]]>
    </error>
  </testcase> <!-- option -->
  <testcase name="white" time="8.497" classname="prosnappictests.enterprisewventtests"/>
  <testcase name="eventopt" time="26.814" classname="prosnappictests.enterprisewventtests"/>
  <testcase name="pri" time="4.599" classname="prosnappictests.enterprisewventtests"/>
  <testcase name="social" time="3.019" classname="prosnappictests.enterprisewventtests"/>
  <testcase name="email" time="24.783" classname="prosnappictests.enterprisewventtests"/>
  <testcase name="xt" time="4.455" classname="prosnappictests.enterprisewventtests"/>
  <testcase name="photobooth" time="23.489" classname="prosnappictests.enterprisewventtests"/>
  <testcase name="appexp" time="15.551" classname="prosnappictests.enterprisewventtests"/>
  <testcase name="moicro" time="44.695" classname="prosnappictests.enterprisewventtests"/>
  <testcase name="prosettngs" time="34.760" classname="prosnappictests.enterprisewventtests"/>
  <testcase name="lters" time="19.142" classname="prosnappictests.enterprisewventtests"/>
  <testcase name="giburst" time="37.531" classname="prosnappictests.enterprisewventtests"/>
  <testcase name="burs" time="14.126" classname="prosnappictests.enterprisewventtests"/>
  <testcase name="gree" time="39.085" classname="prosnappictests.enterprisewventtests"/>
</testsuite> <!-- prosnappictests.enterprisewventtests -->
