<?xml version="1.0" encoding="UTF-8"?>
<!-- Generated by org.testng.reporters.JUnitXMLReporter -->
<testsuite hostname="Mushroom-Clouds-MacBook-Pro.local" ignored="0" name="testngTest" tests="16" failures="1" timestamp="28 Jun 2019 10:13:59 GMT" time="284.82" errors="0">
  <testcase name="lo" time="14.622" classname="prosnappictests.proeventlogin"/>
  <testcase name="create" time="20.033" classname="prosnappictests.proeventlogin"/>
  <testcase name="eventdetails" time="21.315" classname="prosnappictests.proeventlogin"/>
  <testcase name="option" time="22.77" classname="prosnappictests.proeventlogin"/>
  <testcase name="inting" time="5.194" classname="prosnappictests.proeventlogin"/>
  <testcase name="social" time="2.965" classname="prosnappictests.proeventlogin"/>
  <testcase name="email" time="2.697" classname="prosnappictests.proeventlogin"/>
  <testcase name="text" time="12.743" classname="prosnappictests.proeventlogin"/>
  <testcase name="photobooth" time="26.035" classname="prosnappictests.proeventlogin"/>
  <testcase name="appexp" time="17.056" classname="prosnappictests.proeventlogin"/>
  <testcase name="moicro" time="45.026" classname="prosnappictests.proeventlogin"/>
  <testcase name="prosettngs" time="10.536" classname="prosnappictests.proeventlogin"/>
  <testcase name="lters" time="14.796" classname="prosnappictests.proeventlogin"/>
  <testcase name="giburst" time="39.193" classname="prosnappictests.proeventlogin"/>
  <testcase name="burs" time="14.743" classname="prosnappictests.proeventlogin"/>
  <testcase name="gree" time="15.042" classname="prosnappictests.proeventlogin">
    <failure type="org.openqa.selenium.ElementClickInterceptedException" message="element click intercepted: Element &amp;lt;button type=&amp;quot;submit&amp;quot; id=&amp;quot;form_pay_later&amp;quot; name=&amp;quot;form[pay_later]&amp;quot; class=&amp;quot;btn transparent btn-md back-button pay-later&amp;quot;&amp;gt;...&amp;lt;/button&amp;gt; is not clickable at point (1152, 732). Other element would receive the click: &amp;lt;div class=&amp;quot;loader-wrapper&amp;quot;&amp;gt;...&amp;lt;/div&amp;gt;
  (Session info: chrome=75.0.3770.100)
Build info: version: &amp;apos;3.141.59&amp;apos;, revision: &amp;apos;e82be7d358&amp;apos;, time: &amp;apos;2018-11-14T08:25:48&amp;apos;
System info: host: &amp;apos;Mushroom-Clouds-MacBook-Pro.local&amp;apos;, ip: &amp;apos;169.254.180.144&amp;apos;, os.name: &amp;apos;Mac OS X&amp;apos;, os.arch: &amp;apos;x86_64&amp;apos;, os.version: &amp;apos;10.13.6&amp;apos;, java.version: &amp;apos;1.8.0_211&amp;apos;
Driver info: org.openqa.selenium.chrome.ChromeDriver
Capabilities {acceptInsecureCerts: false, browserName: chrome, browserVersion: 75.0.3770.100, chrome: {chromedriverVersion: 75.0.3770.90 (a6dcaf7e3ec6f..., userDataDir: /var/folders/rp/cdtmrtmd4qq...}, goog:chromeOptions: {debuggerAddress: localhost:57493}, javascriptEnabled: true, networkConnectionEnabled: false, pageLoadStrategy: normal, platform: MAC, platformName: MAC, proxy: Proxy(), setWindowRect: true, strictFileInteractability: false, timeouts: {implicit: 0, pageLoad: 300000, script: 30000}, unhandledPromptBehavior: dismiss and notify}
Session ID: 716c7c35fc215da10089bfe06bad8655">
      <![CDATA[org.openqa.selenium.ElementClickInterceptedException: element click intercepted: Element <button type="submit" id="form_pay_later" name="form[pay_later]" class="btn transparent btn-md back-button pay-later">...</button> is not clickable at point (1152, 732). Other element would receive the click: <div class="loader-wrapper">...</div>
  (Session info: chrome=75.0.3770.100)
Build info: version: '3.141.59', revision: 'e82be7d358', time: '2018-11-14T08:25:48'
System info: host: 'Mushroom-Clouds-MacBook-Pro.local', ip: '169.254.180.144', os.name: 'Mac OS X', os.arch: 'x86_64', os.version: '10.13.6', java.version: '1.8.0_211'
Driver info: org.openqa.selenium.chrome.ChromeDriver
Capabilities {acceptInsecureCerts: false, browserName: chrome, browserVersion: 75.0.3770.100, chrome: {chromedriverVersion: 75.0.3770.90 (a6dcaf7e3ec6f..., userDataDir: /var/folders/rp/cdtmrtmd4qq...}, goog:chromeOptions: {debuggerAddress: localhost:57493}, javascriptEnabled: true, networkConnectionEnabled: false, pageLoadStrategy: normal, platform: MAC, platformName: MAC, proxy: Proxy(), setWindowRect: true, strictFileInteractability: false, timeouts: {implicit: 0, pageLoad: 300000, script: 30000}, unhandledPromptBehavior: dismiss and notify}
Session ID: 716c7c35fc215da10089bfe06bad8655
	at org.openqa.selenium.remote.http.W3CHttpResponseCodec.createException(W3CHttpResponseCodec.java:187)
	at org.openqa.selenium.remote.http.W3CHttpResponseCodec.decode(W3CHttpResponseCodec.java:122)
	at org.openqa.selenium.remote.http.W3CHttpResponseCodec.decode(W3CHttpResponseCodec.java:49)
	at org.openqa.selenium.remote.HttpCommandExecutor.execute(HttpCommandExecutor.java:158)
	at org.openqa.selenium.remote.service.DriverCommandExecutor.execute(DriverCommandExecutor.java:83)
	at org.openqa.selenium.remote.RemoteWebDriver.execute(RemoteWebDriver.java:552)
	at org.openqa.selenium.remote.RemoteWebElement.execute(RemoteWebElement.java:285)
	at org.openqa.selenium.remote.RemoteWebElement.click(RemoteWebElement.java:84)
	at org.openqa.selenium.support.pagefactory.internal.LocatingElementHandler.invoke(LocatingElementHandler.java:51)
	at com.sun.proxy.$Proxy8.click(Unknown Source)
	at snappicpages.greenscreen.greecreen(greenscreen.java:46)
	at prosnappictests.proeventlogin.gree(proeventlogin.java:138)
... Removed 32 stack frames]]>
    </failure>
  </testcase> <!-- gree -->
</testsuite> <!-- testngTest -->
