<html>
<head>
<title>TestNG:  testngTest</title>
<link href="../testng.css" rel="stylesheet" type="text/css" />
<link href="../my-testng.css" rel="stylesheet" type="text/css" />

<style type="text/css">
.log { display: none;} 
.stack-trace { display: none;} 
</style>
<script type="text/javascript">
<!--
function flip(e) {
  current = e.style.display;
  if (current == 'block') {
    e.style.display = 'none';
    return 0;
  }
  else {
    e.style.display = 'block';
    return 1;
  }
}

function toggleBox(szDivId, elem, msg1, msg2)
{
  var res = -1;  if (document.getElementById) {
    res = flip(document.getElementById(szDivId));
  }
  else if (document.all) {
    // this is the way old msie versions work
    res = flip(document.all[szDivId]);
  }
  if(elem) {
    if(res == 0) elem.innerHTML = msg1; else elem.innerHTML = msg2;
  }

}

function toggleAllBoxes() {
  if (document.getElementsByTagName) {
    d = document.getElementsByTagName('div');
    for (i = 0; i < d.length; i++) {
      if (d[i].className == 'log') {
        flip(d[i]);
      }
    }
  }
}

// -->
</script>

</head>
<body>
<h2 align='center'>testngTest</h2><table border='1' align="center">
<tr>
<td>Tests passed/Failed/Skipped:</td><td>15/1/0</td>
</tr><tr>
<td>Started on:</td><td>Fri Jun 28 12:09:14 SAST 2019</td>
</tr>
<tr><td>Total time:</td><td>284 seconds (284820 ms)</td>
</tr><tr>
<td>Included groups:</td><td></td>
</tr><tr>
<td>Excluded groups:</td><td></td>
</tr>
</table><p/>
<small><i>(Hover the method name to see the test class name)</i></small><p/>
<table width='100%' border='1' class='invocation-failed'>
<tr><td colspan='4' align='center'><b>FAILED TESTS</b></td></tr>
<tr><td><b>Test method</b></td>
<td width="30%"><b>Exception</b></td>
<td width="10%"><b>Time (seconds)</b></td>
<td><b>Instance</b></td>
</tr>
<tr>
<td title='prosnappictests.proeventlogin.gree()'><b>gree</b><br>Test class: prosnappictests.proeventlogin</td>
<td><div><pre>org.openqa.selenium.ElementClickInterceptedException: element click intercepted: Element &lt;button type=&quot;submit&quot; id=&quot;form_pay_later&quot; name=&quot;form[pay_later]&quot; class=&quot;btn transparent btn-md back-button pay-later&quot;&gt;...&lt;/button&gt; is not clickable at point (1152, 732). Other element would receive the click: &lt;div class=&quot;loader-wrapper&quot;&gt;...&lt;/div&gt;
  (Session info: chrome=75.0.3770.100)
Build info: version: &apos;3.141.59&apos;, revision: &apos;e82be7d358&apos;, time: &apos;2018-11-14T08:25:48&apos;
System info: host: &apos;Mushroom-Clouds-MacBook-Pro.local&apos;, ip: &apos;169.254.180.144&apos;, os.name: &apos;Mac OS X&apos;, os.arch: &apos;x86_64&apos;, os.version: &apos;10.13.6&apos;, java.version: &apos;1.8.0_211&apos;
Driver info: org.openqa.selenium.chrome.ChromeDriver
Capabilities {acceptInsecureCerts: false, browserName: chrome, browserVersion: 75.0.3770.100, chrome: {chromedriverVersion: 75.0.3770.90 (a6dcaf7e3ec6f..., userDataDir: /var/folders/rp/cdtmrtmd4qq...}, goog:chromeOptions: {debuggerAddress: localhost:57493}, javascriptEnabled: true, networkConnectionEnabled: false, pageLoadStrategy: normal, platform: MAC, platformName: MAC, proxy: Proxy(), setWindowRect: true, strictFileInteractability: false, timeouts: {implicit: 0, pageLoad: 300000, script: 30000}, unhandledPromptBehavior: dismiss and notify}
Session ID: 716c7c35fc215da10089bfe06bad8655
	at org.openqa.selenium.remote.http.W3CHttpResponseCodec.createException(W3CHttpResponseCodec.java:187)
	at org.openqa.selenium.remote.http.W3CHttpResponseCodec.decode(W3CHttpResponseCodec.java:122)
	at org.openqa.selenium.remote.http.W3CHttpResponseCodec.decode(W3CHttpResponseCodec.java:49)
	at org.openqa.selenium.remote.HttpCommandExecutor.execute(HttpCommandExecutor.java:158)
	at org.openqa.selenium.remote.service.DriverCommandExecutor.execute(DriverCommandExecutor.java:83)
	at org.openqa.selenium.remote.RemoteWebDriver.execute(RemoteWebDriver.java:552)
	at org.openqa.selenium.remote.RemoteWebElement.execute(RemoteWebElement.java:285)
	at org.openqa.selenium.remote.RemoteWebElement.click(RemoteWebElement.java:84)
	at org.openqa.selenium.support.pagefactory.internal.LocatingElementHandler.invoke(LocatingElementHandler.java:51)
	at com.sun.proxy.$Proxy8.click(Unknown Source)
	at snappicpages.greenscreen.greecreen(greenscreen.java:46)
	at prosnappictests.proeventlogin.gree(proeventlogin.java:138)
... Removed 32 stack frames</pre></div><a href='#' onClick='toggleBox("stack-trace1164622694", this, "Click to show all stack frames", "Click to hide stack frames")'>Click to show all stack frames</a>
<div class='stack-trace' id='stack-trace1164622694'><pre>org.openqa.selenium.ElementClickInterceptedException: element click intercepted: Element &lt;button type=&quot;submit&quot; id=&quot;form_pay_later&quot; name=&quot;form[pay_later]&quot; class=&quot;btn transparent btn-md back-button pay-later&quot;&gt;...&lt;/button&gt; is not clickable at point (1152, 732). Other element would receive the click: &lt;div class=&quot;loader-wrapper&quot;&gt;...&lt;/div&gt;
  (Session info: chrome=75.0.3770.100)
Build info: version: &apos;3.141.59&apos;, revision: &apos;e82be7d358&apos;, time: &apos;2018-11-14T08:25:48&apos;
System info: host: &apos;Mushroom-Clouds-MacBook-Pro.local&apos;, ip: &apos;169.254.180.144&apos;, os.name: &apos;Mac OS X&apos;, os.arch: &apos;x86_64&apos;, os.version: &apos;10.13.6&apos;, java.version: &apos;1.8.0_211&apos;
Driver info: org.openqa.selenium.chrome.ChromeDriver
Capabilities {acceptInsecureCerts: false, browserName: chrome, browserVersion: 75.0.3770.100, chrome: {chromedriverVersion: 75.0.3770.90 (a6dcaf7e3ec6f..., userDataDir: /var/folders/rp/cdtmrtmd4qq...}, goog:chromeOptions: {debuggerAddress: localhost:57493}, javascriptEnabled: true, networkConnectionEnabled: false, pageLoadStrategy: normal, platform: MAC, platformName: MAC, proxy: Proxy(), setWindowRect: true, strictFileInteractability: false, timeouts: {implicit: 0, pageLoad: 300000, script: 30000}, unhandledPromptBehavior: dismiss and notify}
Session ID: 716c7c35fc215da10089bfe06bad8655
	at sun.reflect.NativeConstructorAccessorImpl.newInstance0(Native Method)
	at sun.reflect.NativeConstructorAccessorImpl.newInstance(NativeConstructorAccessorImpl.java:62)
	at sun.reflect.DelegatingConstructorAccessorImpl.newInstance(DelegatingConstructorAccessorImpl.java:45)
	at java.lang.reflect.Constructor.newInstance(Constructor.java:423)
	at org.openqa.selenium.remote.http.W3CHttpResponseCodec.createException(W3CHttpResponseCodec.java:187)
	at org.openqa.selenium.remote.http.W3CHttpResponseCodec.decode(W3CHttpResponseCodec.java:122)
	at org.openqa.selenium.remote.http.W3CHttpResponseCodec.decode(W3CHttpResponseCodec.java:49)
	at org.openqa.selenium.remote.HttpCommandExecutor.execute(HttpCommandExecutor.java:158)
	at org.openqa.selenium.remote.service.DriverCommandExecutor.execute(DriverCommandExecutor.java:83)
	at org.openqa.selenium.remote.RemoteWebDriver.execute(RemoteWebDriver.java:552)
	at org.openqa.selenium.remote.RemoteWebElement.execute(RemoteWebElement.java:285)
	at org.openqa.selenium.remote.RemoteWebElement.click(RemoteWebElement.java:84)
	at sun.reflect.GeneratedMethodAccessor2.invoke(Unknown Source)
	at sun.reflect.DelegatingMethodAccessorImpl.invoke(DelegatingMethodAccessorImpl.java:43)
	at java.lang.reflect.Method.invoke(Method.java:498)
	at org.openqa.selenium.support.pagefactory.internal.LocatingElementHandler.invoke(LocatingElementHandler.java:51)
	at com.sun.proxy.$Proxy8.click(Unknown Source)
	at snappicpages.greenscreen.greecreen(greenscreen.java:46)
	at prosnappictests.proeventlogin.gree(proeventlogin.java:138)
	at sun.reflect.NativeMethodAccessorImpl.invoke0(Native Method)
	at sun.reflect.NativeMethodAccessorImpl.invoke(NativeMethodAccessorImpl.java:62)
	at sun.reflect.DelegatingMethodAccessorImpl.invoke(DelegatingMethodAccessorImpl.java:43)
	at java.lang.reflect.Method.invoke(Method.java:498)
	at org.testng.internal.MethodInvocationHelper.invokeMethod(MethodInvocationHelper.java:104)
	at org.testng.internal.Invoker.invokeMethod(Invoker.java:645)
	at org.testng.internal.Invoker.invokeTestMethod(Invoker.java:851)
	at org.testng.internal.Invoker.invokeTestMethods(Invoker.java:1177)
	at org.testng.internal.TestMethodWorker.invokeTestMethods(TestMethodWorker.java:129)
	at org.testng.internal.TestMethodWorker.run(TestMethodWorker.java:112)
	at org.testng.TestRunner.privateRun(TestRunner.java:756)
	at org.testng.TestRunner.run(TestRunner.java:610)
	at org.testng.SuiteRunner.runTest(SuiteRunner.java:387)
	at org.testng.SuiteRunner.runSequentially(SuiteRunner.java:382)
	at org.testng.SuiteRunner.privateRun(SuiteRunner.java:340)
	at org.testng.SuiteRunner.run(SuiteRunner.java:289)
	at org.testng.SuiteRunnerWorker.runSuite(SuiteRunnerWorker.java:52)
	at org.testng.SuiteRunnerWorker.run(SuiteRunnerWorker.java:86)
	at org.testng.TestNG.runSuitesSequentially(TestNG.java:1293)
	at org.testng.TestNG.runSuitesLocally(TestNG.java:1218)
	at org.testng.TestNG.runSuites(TestNG.java:1133)
	at org.testng.TestNG.run(TestNG.java:1104)
	at org.testng.remote.AbstractRemoteTestNG.run(AbstractRemoteTestNG.java:114)
	at org.testng.remote.RemoteTestNG.initAndRun(RemoteTestNG.java:251)
	at org.testng.remote.RemoteTestNG.main(RemoteTestNG.java:77)
</pre></div></td>
<td>15</td>
<td>prosnappictests.proeventlogin@c038203</td></tr>
</table><p>
<table width='100%' border='1' class='invocation-passed'>
<tr><td colspan='4' align='center'><b>PASSED TESTS</b></td></tr>
<tr><td><b>Test method</b></td>
<td width="30%"><b>Exception</b></td>
<td width="10%"><b>Time (seconds)</b></td>
<td><b>Instance</b></td>
</tr>
<tr>
<td title='prosnappictests.proeventlogin.appexp()'><b>appexp</b><br>Test class: prosnappictests.proeventlogin</td>
<td></td>
<td>17</td>
<td>prosnappictests.proeventlogin@c038203</td></tr>
<tr>
<td title='prosnappictests.proeventlogin.burs()'><b>burs</b><br>Test class: prosnappictests.proeventlogin</td>
<td></td>
<td>14</td>
<td>prosnappictests.proeventlogin@c038203</td></tr>
<tr>
<td title='prosnappictests.proeventlogin.create()'><b>create</b><br>Test class: prosnappictests.proeventlogin</td>
<td></td>
<td>20</td>
<td>prosnappictests.proeventlogin@c038203</td></tr>
<tr>
<td title='prosnappictests.proeventlogin.email()'><b>email</b><br>Test class: prosnappictests.proeventlogin</td>
<td></td>
<td>2</td>
<td>prosnappictests.proeventlogin@c038203</td></tr>
<tr>
<td title='prosnappictests.proeventlogin.eventdetails()'><b>eventdetails</b><br>Test class: prosnappictests.proeventlogin</td>
<td></td>
<td>21</td>
<td>prosnappictests.proeventlogin@c038203</td></tr>
<tr>
<td title='prosnappictests.proeventlogin.giburst()'><b>giburst</b><br>Test class: prosnappictests.proeventlogin</td>
<td></td>
<td>39</td>
<td>prosnappictests.proeventlogin@c038203</td></tr>
<tr>
<td title='prosnappictests.proeventlogin.inting()'><b>inting</b><br>Test class: prosnappictests.proeventlogin</td>
<td></td>
<td>5</td>
<td>prosnappictests.proeventlogin@c038203</td></tr>
<tr>
<td title='prosnappictests.proeventlogin.lo()'><b>lo</b><br>Test class: prosnappictests.proeventlogin</td>
<td></td>
<td>14</td>
<td>prosnappictests.proeventlogin@c038203</td></tr>
<tr>
<td title='prosnappictests.proeventlogin.lters()'><b>lters</b><br>Test class: prosnappictests.proeventlogin</td>
<td></td>
<td>14</td>
<td>prosnappictests.proeventlogin@c038203</td></tr>
<tr>
<td title='prosnappictests.proeventlogin.moicro()'><b>moicro</b><br>Test class: prosnappictests.proeventlogin</td>
<td></td>
<td>45</td>
<td>prosnappictests.proeventlogin@c038203</td></tr>
<tr>
<td title='prosnappictests.proeventlogin.option()'><b>option</b><br>Test class: prosnappictests.proeventlogin</td>
<td></td>
<td>22</td>
<td>prosnappictests.proeventlogin@c038203</td></tr>
<tr>
<td title='prosnappictests.proeventlogin.photobooth()'><b>photobooth</b><br>Test class: prosnappictests.proeventlogin</td>
<td></td>
<td>26</td>
<td>prosnappictests.proeventlogin@c038203</td></tr>
<tr>
<td title='prosnappictests.proeventlogin.prosettngs()'><b>prosettngs</b><br>Test class: prosnappictests.proeventlogin</td>
<td></td>
<td>10</td>
<td>prosnappictests.proeventlogin@c038203</td></tr>
<tr>
<td title='prosnappictests.proeventlogin.social()'><b>social</b><br>Test class: prosnappictests.proeventlogin</td>
<td></td>
<td>2</td>
<td>prosnappictests.proeventlogin@c038203</td></tr>
<tr>
<td title='prosnappictests.proeventlogin.text()'><b>text</b><br>Test class: prosnappictests.proeventlogin</td>
<td></td>
<td>12</td>
<td>prosnappictests.proeventlogin@c038203</td></tr>
</table><p>
</body>
</html>