<?xml version="1.0" encoding="UTF-8"?>
<testng-results skipped="0" failed="1" ignored="0" total="18" passed="17">
  <reporter-output>
  </reporter-output>
  <suite name="Default suite" duration-ms="385238" started-at="2019-07-18T07:09:14Z" finished-at="2019-07-18T07:15:39Z">
    <groups>
    </groups>
    <test name="Default test" duration-ms="385238" started-at="2019-07-18T07:09:14Z" finished-at="2019-07-18T07:15:39Z">
      <class name="prosnappictests.enterprisewventtests">
        <test-method status="PASS" signature="enterpriseevent()[pri:0, instance:prosnappictests.enterprisewventtests@4b168fa9]" name="enterpriseevent" duration-ms="18337" started-at="2019-07-18T09:09:14Z" finished-at="2019-07-18T09:09:33Z">
          <reporter-output>
          </reporter-output>
        </test-method> <!-- enterpriseevent -->
        <test-method status="PASS" signature="create()[pri:1, instance:prosnappictests.enterprisewventtests@4b168fa9]" name="create" duration-ms="24139" started-at="2019-07-18T09:09:33Z" finished-at="2019-07-18T09:09:57Z">
          <reporter-output>
          </reporter-output>
        </test-method> <!-- create -->
        <test-method status="PASS" signature="eventdetails()[pri:2, instance:prosnappictests.enterprisewventtests@4b168fa9]" name="eventdetails" duration-ms="21942" started-at="2019-07-18T09:09:57Z" description="verify eventdetalispage" finished-at="2019-07-18T09:10:19Z">
          <reporter-output>
          </reporter-output>
        </test-method> <!-- eventdetails -->
        <test-method status="FAIL" signature="option()[pri:3, instance:prosnappictests.enterprisewventtests@4b168fa9]" name="option" duration-ms="20084" started-at="2019-07-18T09:10:19Z" description="verify eventoptions" finished-at="2019-07-18T09:10:39Z">
          <exception class="org.openqa.selenium.TimeoutException">
            <message>
              <![CDATA[Expected condition failed: waiting for visibility of Proxy element for: DefaultElementLocator 'By.xpath: //*[@id='event_options']/div/div[1]/div/div/div[1]/div/label/span[1]' (tried for 20 second(s) with 500 milliseconds interval)]]>
            </message>
            <full-stacktrace>
              <![CDATA[org.openqa.selenium.TimeoutException: Expected condition failed: waiting for visibility of Proxy element for: DefaultElementLocator 'By.xpath: //*[@id='event_options']/div/div[1]/div/div/div[1]/div/label/span[1]' (tried for 20 second(s) with 500 milliseconds interval)
	at org.openqa.selenium.support.ui.WebDriverWait.timeoutException(WebDriverWait.java:113)
	at org.openqa.selenium.support.ui.FluentWait.until(FluentWait.java:283)
	at Snappicenterprisepages.CommonLib.waitForElementToPresent(CommonLib.java:415)
	at Snappicenterprisepages.eventoptions.event(eventoptions.java:122)
	at prosnappictests.enterprisewventtests.option(enterprisewventtests.java:66)
	at sun.reflect.NativeMethodAccessorImpl.invoke0(Native Method)
	at sun.reflect.NativeMethodAccessorImpl.invoke(NativeMethodAccessorImpl.java:62)
	at sun.reflect.DelegatingMethodAccessorImpl.invoke(DelegatingMethodAccessorImpl.java:43)
	at java.lang.reflect.Method.invoke(Method.java:498)
	at org.testng.internal.MethodInvocationHelper.invokeMethod(MethodInvocationHelper.java:108)
	at org.testng.internal.Invoker.invokeMethod(Invoker.java:661)
	at org.testng.internal.Invoker.invokeTestMethod(Invoker.java:869)
	at org.testng.internal.Invoker.invokeTestMethods(Invoker.java:1193)
	at org.testng.internal.TestMethodWorker.invokeTestMethods(TestMethodWorker.java:126)
	at org.testng.internal.TestMethodWorker.run(TestMethodWorker.java:109)
	at org.testng.TestRunner.privateRun(TestRunner.java:744)
	at org.testng.TestRunner.run(TestRunner.java:602)
	at org.testng.SuiteRunner.runTest(SuiteRunner.java:380)
	at org.testng.SuiteRunner.runSequentially(SuiteRunner.java:375)
	at org.testng.SuiteRunner.privateRun(SuiteRunner.java:340)
	at org.testng.SuiteRunner.run(SuiteRunner.java:289)
	at org.testng.SuiteRunnerWorker.runSuite(SuiteRunnerWorker.java:52)
	at org.testng.SuiteRunnerWorker.run(SuiteRunnerWorker.java:86)
	at org.testng.TestNG.runSuitesSequentially(TestNG.java:1301)
	at org.testng.TestNG.runSuitesLocally(TestNG.java:1226)
	at org.testng.TestNG.runSuites(TestNG.java:1144)
	at org.testng.TestNG.run(TestNG.java:1115)
	at org.testng.remote.AbstractRemoteTestNG.run(AbstractRemoteTestNG.java:114)
	at org.testng.remote.RemoteTestNG.initAndRun(RemoteTestNG.java:251)
	at org.testng.remote.RemoteTestNG.main(RemoteTestNG.java:77)
Caused by: org.openqa.selenium.NoSuchElementException: no such element: Unable to locate element: {"method":"xpath","selector":"//*[@id='event_options']/div/div[1]/div/div/div[1]/div/label/span[1]"}
  (Session info: chrome=75.0.3770.142)
For documentation on this error, please visit: http://seleniumhq.org/exceptions/no_such_element.html
Build info: version: '3.14.0', revision: 'aacccce0', time: '2018-08-02T20:19:58.91Z'
System info: host: 'Mushroom-Clouds-MacBook-Pro.local', ip: '169.254.173.26', os.name: 'Mac OS X', os.arch: 'x86_64', os.version: '10.13.6', java.version: '1.8.0_211'
Driver info: org.openqa.selenium.chrome.ChromeDriver
Capabilities {acceptInsecureCerts: false, browserName: chrome, browserVersion: 75.0.3770.142, chrome: {chromedriverVersion: 75.0.3770.90 (a6dcaf7e3ec6f..., userDataDir: /var/folders/rp/cdtmrtmd4qq...}, goog:chromeOptions: {debuggerAddress: localhost:52748}, javascriptEnabled: true, networkConnectionEnabled: false, pageLoadStrategy: normal, platform: MAC, platformName: MAC, proxy: Proxy(), setWindowRect: true, strictFileInteractability: false, timeouts: {implicit: 0, pageLoad: 300000, script: 30000}, unhandledPromptBehavior: dismiss and notify}
Session ID: 13e18b9684f527388f185a2b4de6f3a1
*** Element info: {Using=xpath, value=//*[@id='event_options']/div/div[1]/div/div/div[1]/div/label/span[1]}
	at sun.reflect.GeneratedConstructorAccessor19.newInstance(Unknown Source)
	at sun.reflect.DelegatingConstructorAccessorImpl.newInstance(DelegatingConstructorAccessorImpl.java:45)
	at java.lang.reflect.Constructor.newInstance(Constructor.java:423)
	at org.openqa.selenium.remote.http.W3CHttpResponseCodec.createException(W3CHttpResponseCodec.java:187)
	at org.openqa.selenium.remote.http.W3CHttpResponseCodec.decode(W3CHttpResponseCodec.java:122)
	at org.openqa.selenium.remote.http.W3CHttpResponseCodec.decode(W3CHttpResponseCodec.java:49)
	at org.openqa.selenium.remote.HttpCommandExecutor.execute(HttpCommandExecutor.java:158)
	at org.openqa.selenium.remote.service.DriverCommandExecutor.execute(DriverCommandExecutor.java:83)
	at org.openqa.selenium.remote.RemoteWebDriver.execute(RemoteWebDriver.java:548)
	at org.openqa.selenium.remote.RemoteWebDriver.findElement(RemoteWebDriver.java:322)
	at org.openqa.selenium.remote.RemoteWebDriver.findElementByXPath(RemoteWebDriver.java:424)
	at org.openqa.selenium.By$ByXPath.findElement(By.java:353)
	at org.openqa.selenium.remote.RemoteWebDriver.findElement(RemoteWebDriver.java:314)
	at org.openqa.selenium.support.pagefactory.DefaultElementLocator.findElement(DefaultElementLocator.java:69)
	at org.openqa.selenium.support.pagefactory.internal.LocatingElementHandler.invoke(LocatingElementHandler.java:38)
	at com.sun.proxy.$Proxy10.isDisplayed(Unknown Source)
	at org.openqa.selenium.support.ui.ExpectedConditions.elementIfVisible(ExpectedConditions.java:315)
	at org.openqa.selenium.support.ui.ExpectedConditions.access$100(ExpectedConditions.java:44)
	at org.openqa.selenium.support.ui.ExpectedConditions$10.apply(ExpectedConditions.java:301)
	at org.openqa.selenium.support.ui.ExpectedConditions$10.apply(ExpectedConditions.java:298)
	at org.openqa.selenium.support.ui.FluentWait.until(FluentWait.java:260)
	... 28 more
]]>
            </full-stacktrace>
          </exception> <!-- org.openqa.selenium.TimeoutException -->
          <reporter-output>
          </reporter-output>
        </test-method> <!-- option -->
        <test-method status="PASS" signature="white()[pri:4, instance:prosnappictests.enterprisewventtests@4b168fa9]" name="white" duration-ms="8497" started-at="2019-07-18T09:10:39Z" finished-at="2019-07-18T09:10:47Z">
          <reporter-output>
          </reporter-output>
        </test-method> <!-- white -->
        <test-method status="PASS" signature="eventopt()[pri:5, instance:prosnappictests.enterprisewventtests@4b168fa9]" name="eventopt" duration-ms="26814" started-at="2019-07-18T09:10:47Z" finished-at="2019-07-18T09:11:14Z">
          <reporter-output>
          </reporter-output>
        </test-method> <!-- eventopt -->
        <test-method status="PASS" signature="pri()[pri:6, instance:prosnappictests.enterprisewventtests@4b168fa9]" name="pri" duration-ms="4599" started-at="2019-07-18T09:11:14Z" finished-at="2019-07-18T09:11:19Z">
          <reporter-output>
          </reporter-output>
        </test-method> <!-- pri -->
        <test-method status="PASS" signature="social()[pri:7, instance:prosnappictests.enterprisewventtests@4b168fa9]" name="social" duration-ms="3019" started-at="2019-07-18T09:11:19Z" finished-at="2019-07-18T09:11:22Z">
          <reporter-output>
          </reporter-output>
        </test-method> <!-- social -->
        <test-method status="PASS" signature="email()[pri:8, instance:prosnappictests.enterprisewventtests@4b168fa9]" name="email" duration-ms="24783" started-at="2019-07-18T09:11:22Z" finished-at="2019-07-18T09:11:47Z">
          <reporter-output>
          </reporter-output>
        </test-method> <!-- email -->
        <test-method status="PASS" signature="xt()[pri:9, instance:prosnappictests.enterprisewventtests@4b168fa9]" name="xt" duration-ms="4455" started-at="2019-07-18T09:11:47Z" finished-at="2019-07-18T09:11:51Z">
          <reporter-output>
          </reporter-output>
        </test-method> <!-- xt -->
        <test-method status="PASS" signature="photobooth()[pri:10, instance:prosnappictests.enterprisewventtests@4b168fa9]" name="photobooth" duration-ms="23489" started-at="2019-07-18T09:11:51Z" finished-at="2019-07-18T09:12:14Z">
          <reporter-output>
          </reporter-output>
        </test-method> <!-- photobooth -->
        <test-method status="PASS" signature="appexp()[pri:11, instance:prosnappictests.enterprisewventtests@4b168fa9]" name="appexp" duration-ms="15551" started-at="2019-07-18T09:12:14Z" finished-at="2019-07-18T09:12:30Z">
          <reporter-output>
          </reporter-output>
        </test-method> <!-- appexp -->
        <test-method status="PASS" signature="moicro()[pri:12, instance:prosnappictests.enterprisewventtests@4b168fa9]" name="moicro" duration-ms="44695" started-at="2019-07-18T09:12:30Z" finished-at="2019-07-18T09:13:15Z">
          <reporter-output>
          </reporter-output>
        </test-method> <!-- moicro -->
        <test-method status="PASS" signature="prosettngs()[pri:14, instance:prosnappictests.enterprisewventtests@4b168fa9]" name="prosettngs" duration-ms="34760" started-at="2019-07-18T09:13:15Z" finished-at="2019-07-18T09:13:49Z">
          <reporter-output>
          </reporter-output>
        </test-method> <!-- prosettngs -->
        <test-method status="PASS" signature="lters()[pri:15, instance:prosnappictests.enterprisewventtests@4b168fa9]" name="lters" duration-ms="19142" started-at="2019-07-18T09:13:49Z" finished-at="2019-07-18T09:14:09Z">
          <reporter-output>
          </reporter-output>
        </test-method> <!-- lters -->
        <test-method status="PASS" signature="giburst()[pri:16, instance:prosnappictests.enterprisewventtests@4b168fa9]" name="giburst" duration-ms="37531" started-at="2019-07-18T09:14:09Z" finished-at="2019-07-18T09:14:46Z">
          <reporter-output>
          </reporter-output>
        </test-method> <!-- giburst -->
        <test-method status="PASS" signature="burs()[pri:17, instance:prosnappictests.enterprisewventtests@4b168fa9]" name="burs" duration-ms="14126" started-at="2019-07-18T09:14:46Z" finished-at="2019-07-18T09:15:00Z">
          <reporter-output>
          </reporter-output>
        </test-method> <!-- burs -->
        <test-method status="PASS" signature="gree()[pri:18, instance:prosnappictests.enterprisewventtests@4b168fa9]" name="gree" duration-ms="39085" started-at="2019-07-18T09:15:00Z" finished-at="2019-07-18T09:15:39Z">
          <reporter-output>
          </reporter-output>
        </test-method> <!-- gree -->
      </class> <!-- prosnappictests.enterprisewventtests -->
    </test> <!-- Default test -->
  </suite> <!-- Default suite -->
</testng-results>
