<?xml version="1.0" encoding="UTF-8"?>
<!-- Generated by org.testng.reporters.JUnitXMLReporter -->
<testsuite hostname="Mushroom-Clouds-MacBook-Pro.local" ignored="0" name="Test" tests="16" failures="4" timestamp="03 Jul 2019 11:43:52 GMT" time="218.938" errors="0">
  <testcase name="lo" time="10.334" classname="prosnappictests.proeventlogin">
    <failure type="java.lang.NullPointerException">
      <![CDATA[java.lang.NullPointerException
	at snappicpages.bank.getScreenshot(bank.java:102)
	at prosnappictests.proeventlogin.lo(proeventlogin.java:66)
... Removed 25 stack frames]]>
    </failure>
  </testcase> <!-- lo -->
  <testcase name="create" time="20.488" classname="prosnappictests.proeventlogin">
    <failure type="java.lang.NullPointerException">
      <![CDATA[java.lang.NullPointerException
	at snappicpages.bank.getScreenshot(bank.java:102)
	at prosnappictests.proeventlogin.create(proeventlogin.java:77)
... Removed 25 stack frames]]>
    </failure>
  </testcase> <!-- create -->
  <testcase name="eventdetails" time="20.741" classname="prosnappictests.proeventlogin">
    <failure type="java.lang.NullPointerException">
      <![CDATA[java.lang.NullPointerException
	at snappicpages.bank.getScreenshot(bank.java:102)
	at prosnappictests.proeventlogin.eventdetails(proeventlogin.java:87)
... Removed 25 stack frames]]>
    </failure>
  </testcase> <!-- eventdetails -->
  <testcase name="option" time="24.046" classname="prosnappictests.proeventlogin"/>
  <testcase name="inting" time="2.17" classname="prosnappictests.proeventlogin"/>
  <testcase name="social" time="1.928" classname="prosnappictests.proeventlogin"/>
  <testcase name="email" time="3.142" classname="prosnappictests.proeventlogin"/>
  <testcase name="text" time="1.848" classname="prosnappictests.proeventlogin"/>
  <testcase name="photobooth" time="12.289" classname="prosnappictests.proeventlogin"/>
  <testcase name="appexp" time="4.139" classname="prosnappictests.proeventlogin"/>
  <testcase name="moicro" time="21.208" classname="prosnappictests.proeventlogin"/>
  <testcase name="prosettngs" time="28.344" classname="prosnappictests.proeventlogin"/>
  <testcase name="lters" time="16.412" classname="prosnappictests.proeventlogin"/>
  <testcase name="giburst" time="35.3" classname="prosnappictests.proeventlogin"/>
  <testcase name="burs" time="12.322" classname="prosnappictests.proeventlogin"/>
  <testcase name="gree" time="4.028" classname="prosnappictests.proeventlogin">
    <failure type="org.openqa.selenium.InvalidArgumentException" message="Clicking on an &amp;lt;input type=file&amp;gt; element is not supported. Use sendKeys to select files instead.
Build info: version: &amp;apos;3.14.0&amp;apos;, revision: &amp;apos;aacccce0&amp;apos;, time: &amp;apos;2018-08-02T20:19:58.91Z&amp;apos;
System info: host: &amp;apos;Mushroom-Clouds-MacBook-Pro.local&amp;apos;, ip: &amp;apos;192.168.0.31&amp;apos;, os.name: &amp;apos;Mac OS X&amp;apos;, os.arch: &amp;apos;x86_64&amp;apos;, os.version: &amp;apos;10.13.6&amp;apos;, java.version: &amp;apos;1.8.0_211&amp;apos;
Driver info: org.openqa.selenium.safari.SafariDriver
Capabilities {acceptInsecureCerts: false, browserName: Safari, browserVersion: 12.1.1, javascriptEnabled: true, platform: MAC, platformName: MAC, safari:automaticInspection: false, safari:automaticProfiling: false, safari:diagnose: false, setWindowRect: true, strictFileInteractability: false, webkit:WebRTC: {DisableICECandidateFiltering: false, DisableInsecureMediaCapture: false}}
Session ID: 5A75063A-8E8F-4C9C-B8F3-DE0CA478FC1E">
      <![CDATA[org.openqa.selenium.InvalidArgumentException: Clicking on an <input type=file> element is not supported. Use sendKeys to select files instead.
Build info: version: '3.14.0', revision: 'aacccce0', time: '2018-08-02T20:19:58.91Z'
System info: host: 'Mushroom-Clouds-MacBook-Pro.local', ip: '192.168.0.31', os.name: 'Mac OS X', os.arch: 'x86_64', os.version: '10.13.6', java.version: '1.8.0_211'
Driver info: org.openqa.selenium.safari.SafariDriver
Capabilities {acceptInsecureCerts: false, browserName: Safari, browserVersion: 12.1.1, javascriptEnabled: true, platform: MAC, platformName: MAC, safari:automaticInspection: false, safari:automaticProfiling: false, safari:diagnose: false, setWindowRect: true, strictFileInteractability: false, webkit:WebRTC: {DisableICECandidateFiltering: false, DisableInsecureMediaCapture: false}}
Session ID: 5A75063A-8E8F-4C9C-B8F3-DE0CA478FC1E
	at org.openqa.selenium.remote.http.W3CHttpResponseCodec.createException(W3CHttpResponseCodec.java:187)
	at org.openqa.selenium.remote.http.W3CHttpResponseCodec.decode(W3CHttpResponseCodec.java:122)
	at org.openqa.selenium.remote.http.W3CHttpResponseCodec.decode(W3CHttpResponseCodec.java:49)
	at org.openqa.selenium.remote.HttpCommandExecutor.execute(HttpCommandExecutor.java:158)
	at org.openqa.selenium.remote.service.DriverCommandExecutor.execute(DriverCommandExecutor.java:83)
	at org.openqa.selenium.remote.RemoteWebDriver.execute(RemoteWebDriver.java:548)
	at org.openqa.selenium.remote.RemoteWebElement.execute(RemoteWebElement.java:276)
	at org.openqa.selenium.remote.RemoteWebElement.click(RemoteWebElement.java:83)
	at org.openqa.selenium.support.pagefactory.internal.LocatingElementHandler.invoke(LocatingElementHandler.java:51)
	at com.sun.proxy.$Proxy16.click(Unknown Source)
	at snappicpages.greenscreen.greecreen(greenscreen.java:39)
	at prosnappictests.proeventlogin.gree(proeventlogin.java:212)
... Removed 33 stack frames]]>
    </failure>
  </testcase> <!-- gree -->
</testsuite> <!-- Test -->
